0 info it worked if it ends with ok
1 verbose cli [ '/usr/bin/node', '/usr/bin/npm', 'start' ]
2 info using npm@3.5.2
3 info using node@v8.10.0
4 verbose run-script [ 'prestart', 'start', 'poststart' ]
5 info lifecycle client@1.0.0~prestart: client@1.0.0
6 silly lifecycle client@1.0.0~prestart: no script for prestart, continuing
7 info lifecycle client@1.0.0~start: client@1.0.0
8 verbose lifecycle client@1.0.0~start: unsafe-perm in lifecycle true
9 verbose lifecycle client@1.0.0~start: PATH: /usr/share/npm/bin/node-gyp-bin:/mnt/c/Users/Bobby/Documents/Trunk/client/node_modules/.bin:/usr/local/sbin:/usr/local/bin:/usr/sbin:/usr/bin:/sbin:/bin:/usr/games:/usr/local/games:/mnt/c/Program Files/Oculus/Support/oculus-runtime:/mnt/c/Program Files (x86)/Common Files/Oracle/Java/javapath:/mnt/c/WINDOWS/system32:/mnt/c/WINDOWS:/mnt/c/WINDOWS/System32/Wbem:/mnt/c/WINDOWS/System32/WindowsPowerShell/v1.0/:/mnt/c/Program Files (x86)/NVIDIA Corporation/PhysX/Common:/mnt/c/Program Files/Git/cmd:/mnt/c/WINDOWS/System32/OpenSSH/:/mnt/c/ProgramData/chocolatey/bin:/mnt/c/Program Files (x86)/Yarn/bin/:/mnt/c/Program Files/MySQL/MySQL Utilities 1.6/:/mnt/c/Program Files/NVIDIA Corporation/NVIDIA NvDLISR:/mnt/c/Program Files/nodejs/:/mnt/c/Users/Bobby/AppData/Local/Programs/Python/Python36:/mnt/c/Users/Bobby/AppData/Local/Programs/Python/Python36/scripts:/mnt/c/Program Files/helm/windows-amd64:/mnt/c/Program Files/IBM/Cloud/bin:/mnt/c/Go/bin:/mnt/c/Program Files/Kubernetes/Minikube:/mnt/c/Program Files/NVIDIA Corporation/NVIDIA NGX:/mnt/c/WINDOWS/system32:/mnt/c/WINDOWS:/mnt/c/WINDOWS/System32/Wbem:/mnt/c/WINDOWS/System32/WindowsPowerShell/v1.0/:/mnt/c/WINDOWS/System32/OpenSSH/:/mnt/c/Program Files/Docker/Docker/resources/bin:/mnt/c/ProgramData/DockerDesktop/version-bin:/mnt/c/kubbin:/mnt/c/Ruby24-x64/bin:/mnt/c/Users/Bobby/AppData/Local/Microsoft/WindowsApps:/mnt/c/Users/Bobby/AppData/Local/atom/bin:/mnt/c/Program Files/Microsoft VS Code/bin:/mnt/c/Users/Bobby/AppData/Local/GitHubDesktop/bin:/mnt/c/Program Files/heroku/bin:/mnt/c/Users/Bobby/AppData/Local/Microsoft/WindowsApps:/mnt/c/Users/Bobby/AppData/Local/Programs/Microsoft VS Code/bin:/mnt/c/Users/Bobby/Documents/Neovim/Neovim/bin:/mnt/c/tools/neovim/Neovim/bin:/mnt/c/Program Files (x86)/Oni:/mnt/c/Users/Bobby/AppData/Local/Programs/Python/Python36/Scripts:/mnt/c/Users/Bobby/AppData/Local/Yarn/bin:/mnt/c/Program Files/MySQL/MySQL Server 8.0/bin:/mnt/c/Program Files/MongoDB/Server/4.0/bin:/mnt/c/Users/Bobby/AppData/Local/now-cli:/mnt/c/Users/Bobby/AppData/Roaming/npm:/mnt/c/Users/Bobby/AppData/Local/hyper/app-3.0.2/resources/bin:/mnt/c/Users/Bobby/go/bin:/mnt/c/Program Files/Onivim2:/snap/bin
10 verbose lifecycle client@1.0.0~start: CWD: /mnt/c/Users/Bobby/Documents/Trunk/client
11 silly lifecycle client@1.0.0~start: Args: [ '-c', 'webpack-dev-server' ]
12 silly lifecycle client@1.0.0~start: Returned: code: 1  signal: null
13 info lifecycle client@1.0.0~start: Failed to exec start script
14 verbose stack Error: client@1.0.0 start: `webpack-dev-server`
14 verbose stack Exit status 1
14 verbose stack     at EventEmitter.<anonymous> (/usr/share/npm/lib/utils/lifecycle.js:232:16)
14 verbose stack     at emitTwo (events.js:126:13)
14 verbose stack     at EventEmitter.emit (events.js:214:7)
14 verbose stack     at ChildProcess.<anonymous> (/usr/share/npm/lib/utils/spawn.js:24:14)
14 verbose stack     at emitTwo (events.js:126:13)
14 verbose stack     at ChildProcess.emit (events.js:214:7)
14 verbose stack     at maybeClose (internal/child_process.js:925:16)
14 verbose stack     at Process.ChildProcess._handle.onexit (internal/child_process.js:209:5)
15 verbose pkgid client@1.0.0
16 verbose cwd /mnt/c/Users/Bobby/Documents/Trunk/client
17 error Linux 4.19.84-microsoft-standard
18 error argv "/usr/bin/node" "/usr/bin/npm" "start"
19 error node v8.10.0
20 error npm  v3.5.2
21 error code ELIFECYCLE
22 error client@1.0.0 start: `webpack-dev-server`
22 error Exit status 1
23 error Failed at the client@1.0.0 start script 'webpack-dev-server'.
23 error Make sure you have the latest version of node.js and npm installed.
23 error If you do, this is most likely a problem with the client package,
23 error not with npm itself.
23 error Tell the author that this fails on your system:
23 error     webpack-dev-server
23 error You can get information on how to open an issue for this project with:
23 error     npm bugs client
23 error Or if that isn't available, you can get their info via:
23 error     npm owner ls client
23 error There is likely additional logging output above.
24 verbose exit [ 1, true ]
